[+] Graphics type: SVGA
[?] Attempting to create double buffering memory . . .
[+] Double buffering memory creation succeeded (4096 byte).
[+] Video mode set as 3
0th page memory: B800:0000
2th page memory: B800:2000
[+] Video Card: SVGA
[+] Video Memory: B800:0000
[+] Video Buffer: 2AA6:0018
[+] Video Buffer Length: 2048
[+] Video Mode: 3
[+] Current Page: 0
[+] Cursor Scan Line Start: 20, End: 00
[+] Cursor Position in page 0 is Row: 0, Column: 0
[+] Cursor Position in page 1 is Row: 0, Column: 0
[+] Cursor Position in page 2 is Row: 0, Column: 0
[+] Cursor Position in page 3 is Row: 0, Column: 0
[+] Cursor Position in page 4 is Row: 0, Column: 0
[+] Cursor Position in page 5 is Row: 0, Column: 0
[+] Cursor Position in page 6 is Row: 0, Column: 0
[+] Cursor Position in page 7 is Row: 0, Column: 0
2048 bytes write from 2AA6:0018 to B800:0000
[+] Video buffer freed.
[+] Logger Closed at 2026-03-12 15:59:09 EST

